2021-06-25 23:09:55,309 INFO org.springframework.boot.StartupInfoLogger [restartedMain] Starting RoptReceiverReactiveApplication using Java 11.0.8 on DESKTOP-5C8MESV with PID 10112 (C:\Projects\phd\reactive-optimization-test\ropt-receiver-reactive\target\classes started by vlads in C:\Projects\phd\reactive-optimization-test)
2021-06-25 23:09:55,320 INFO org.springframework.boot.SpringApplication [restartedMain] The following profiles are active: local
2021-06-25 23:09:55,439 INFO org.springframework.boot.logging.DeferredLog [restartedMain] Devtools property defaults active! Set 'spring.devtools.add-properties' to 'false' to disable
2021-06-25 23:09:55,440 INFO org.springframework.boot.logging.DeferredLog [restartedMain] For additional web related logging consider setting the 'logging.level.web' property to 'DEBUG'
2021-06-25 23:09:57,358 INFO org.springframework.data.repository.config.RepositoryConfigurationDelegate [restartedMain] Bootstrapping Spring Data R2DBC repositories in DEFAULT mode.
2021-06-25 23:09:57,492 INFO org.springframework.data.repository.config.RepositoryConfigurationDelegate [restartedMain] Finished Spring Data repository scanning in 124 ms. Found 1 R2DBC repository interfaces.
2021-06-25 23:09:58,839 INFO org.springframework.boot.devtools.autoconfigure.OptionalLiveReloadServer [restartedMain] LiveReload server is running on port 35729
2021-06-25 23:09:59,628 INFO org.springframework.boot.actuate.endpoint.web.EndpointLinksResolver [restartedMain] Exposing 4 endpoint(s) beneath base path '/actuator'
2021-06-25 23:10:01,173 INFO org.springframework.boot.web.embedded.netty.NettyWebServer [restartedMain] Netty started on port 8093
2021-06-25 23:10:01,217 INFO org.springframework.boot.StartupInfoLogger [restartedMain] Started RoptReceiverReactiveApplication in 7.066 seconds (JVM running for 12.182)
2021-06-25 23:18:54,864 INFO org.springframework.boot.StartupInfoLogger [restartedMain] Starting RoptReceiverReactiveApplication using Java 11.0.8 on DESKTOP-5C8MESV with PID 13648 (C:\Projects\phd\reactive-optimization-test\ropt-receiver-reactive\target\classes started by vlads in C:\Projects\phd\reactive-optimization-test)
2021-06-25 23:18:54,872 INFO org.springframework.boot.SpringApplication [restartedMain] The following profiles are active: local
2021-06-25 23:18:55,024 INFO org.springframework.boot.logging.DeferredLog [restartedMain] Devtools property defaults active! Set 'spring.devtools.add-properties' to 'false' to disable
2021-06-25 23:18:55,025 INFO org.springframework.boot.logging.DeferredLog [restartedMain] For additional web related logging consider setting the 'logging.level.web' property to 'DEBUG'
2021-06-25 23:18:56,324 INFO org.springframework.data.repository.config.RepositoryConfigurationDelegate [restartedMain] Bootstrapping Spring Data R2DBC repositories in DEFAULT mode.
2021-06-25 23:18:56,402 INFO org.springframework.data.repository.config.RepositoryConfigurationDelegate [restartedMain] Finished Spring Data repository scanning in 72 ms. Found 1 R2DBC repository interfaces.
2021-06-25 23:18:57,333 INFO org.springframework.boot.devtools.autoconfigure.OptionalLiveReloadServer [restartedMain] LiveReload server is running on port 35729
2021-06-25 23:18:58,014 INFO org.springframework.boot.actuate.endpoint.web.EndpointLinksResolver [restartedMain] Exposing 4 endpoint(s) beneath base path '/actuator'
2021-06-25 23:18:59,034 INFO org.springframework.boot.web.embedded.netty.NettyWebServer [restartedMain] Netty started on port 8093
2021-06-25 23:18:59,051 INFO org.springframework.boot.StartupInfoLogger [restartedMain] Started RoptReceiverReactiveApplication in 5.582 seconds (JVM running for 7.999)
2021-06-25 23:24:43,941 INFO org.springframework.boot.StartupInfoLogger [restartedMain] Starting RoptReceiverReactiveApplication using Java 11.0.8 on DESKTOP-5C8MESV with PID 20476 (C:\Projects\phd\reactive-optimization-test\ropt-receiver-reactive\target\classes started by vlads in C:\Projects\phd\reactive-optimization-test)
2021-06-25 23:24:43,952 INFO org.springframework.boot.SpringApplication [restartedMain] The following profiles are active: local
2021-06-25 23:24:44,101 INFO org.springframework.boot.logging.DeferredLog [restartedMain] Devtools property defaults active! Set 'spring.devtools.add-properties' to 'false' to disable
2021-06-25 23:24:44,102 INFO org.springframework.boot.logging.DeferredLog [restartedMain] For additional web related logging consider setting the 'logging.level.web' property to 'DEBUG'
2021-06-25 23:24:45,879 INFO org.springframework.data.repository.config.RepositoryConfigurationDelegate [restartedMain] Bootstrapping Spring Data R2DBC repositories in DEFAULT mode.
2021-06-25 23:24:45,971 INFO org.springframework.data.repository.config.RepositoryConfigurationDelegate [restartedMain] Finished Spring Data repository scanning in 85 ms. Found 1 R2DBC repository interfaces.
2021-06-25 23:24:47,233 INFO org.springframework.boot.devtools.autoconfigure.OptionalLiveReloadServer [restartedMain] LiveReload server is running on port 35729
2021-06-25 23:24:47,925 INFO org.springframework.boot.actuate.endpoint.web.EndpointLinksResolver [restartedMain] Exposing 4 endpoint(s) beneath base path '/actuator'
2021-06-25 23:24:49,333 INFO org.springframework.boot.web.embedded.netty.NettyWebServer [restartedMain] Netty started on port 8093
2021-06-25 23:24:49,399 INFO org.springframework.boot.StartupInfoLogger [restartedMain] Started RoptReceiverReactiveApplication in 7.341 seconds (JVM running for 10.103)
2021-06-25 23:27:51,596 INFO org.springframework.boot.StartupInfoLogger [restartedMain] Starting RoptReceiverReactiveApplication using Java 11.0.8 on DESKTOP-5C8MESV with PID 11744 (C:\Projects\phd\reactive-optimization-test\ropt-receiver-reactive\target\classes started by vlads in C:\Projects\phd\reactive-optimization-test)
2021-06-25 23:27:51,601 INFO org.springframework.boot.SpringApplication [restartedMain] The following profiles are active: local
2021-06-25 23:27:51,709 INFO org.springframework.boot.logging.DeferredLog [restartedMain] Devtools property defaults active! Set 'spring.devtools.add-properties' to 'false' to disable
2021-06-25 23:27:51,710 INFO org.springframework.boot.logging.DeferredLog [restartedMain] For additional web related logging consider setting the 'logging.level.web' property to 'DEBUG'
2021-06-25 23:27:53,210 INFO org.springframework.data.repository.config.RepositoryConfigurationDelegate [restartedMain] Bootstrapping Spring Data R2DBC repositories in DEFAULT mode.
2021-06-25 23:27:53,273 INFO org.springframework.data.repository.config.RepositoryConfigurationDelegate [restartedMain] Finished Spring Data repository scanning in 58 ms. Found 1 R2DBC repository interfaces.
2021-06-25 23:27:54,063 INFO org.springframework.boot.devtools.autoconfigure.OptionalLiveReloadServer [restartedMain] LiveReload server is running on port 35729
2021-06-25 23:27:54,736 INFO org.springframework.boot.actuate.endpoint.web.EndpointLinksResolver [restartedMain] Exposing 4 endpoint(s) beneath base path '/actuator'
2021-06-25 23:27:55,835 INFO org.springframework.boot.web.embedded.netty.NettyWebServer [restartedMain] Netty started on port 8093
2021-06-25 23:27:55,861 INFO org.springframework.boot.StartupInfoLogger [restartedMain] Started RoptReceiverReactiveApplication in 5.2 seconds (JVM running for 6.94)
